  Compiling CUDA source file kernel.cu...
  
  C:\Users\farmamico_fr\Desktop\progettofinale\Final\Final>"C:\Program Files\NVIDIA GPU Computing Toolkit\CUDA\v10.2\bin\nvcc.exe" -gencode=arch=compute_30,code=\"sm_30,compute_30\" --use-local-env -ccbin "C:\Program Files (x86)\Microsoft Visual Studio\2019\Community\VC\Tools\MSVC\14.25.28610\bin\HostX86\x64" -x cu  -I"C:\Program Files\NVIDIA GPU Computing Toolkit\CUDA\v10.2\include" -I"C:\Program Files\NVIDIA GPU Computing Toolkit\CUDA\v10.2\include"     --keep-dir x64\Release -maxrregcount=0  --machine 64 --compile -cudart static     -DWIN32 -DWIN64 -DNDEBUG -D_CONSOLE -D_MBCS -Xcompiler "/EHsc /W3 /nologo /O2 /Fdx64\Release\vc142.pdb /FS /Zi  /MD " -o x64\Release\kernel.cu.obj "C:\Users\farmamico_fr\Desktop\progettofinale\Final\Final\kernel.cu" 
  kernel.cu
  device_functions.h is an internal header file and must not be used directly.  This file will be removed in a future CUDA release.  Please use cuda_runtime_api.h or cuda_runtime.h instead.
C:/Users/farmamico_fr/Desktop/progettofinale/Final/Final/kernel.cu(322): warning C4244: 'initializing': conversion from 'double' to 'int', possible loss of data
C:/Users/farmamico_fr/Desktop/progettofinale/Final/Final/kernel.cu(323): warning C4244: 'initializing': conversion from 'double' to 'int', possible loss of data
C:/Users/farmamico_fr/Desktop/progettofinale/Final/Final/kernel.cu(411): warning C4244: '=': conversion from 'int' to 'float', possible loss of data
C:/Users/farmamico_fr/Desktop/progettofinale/Final/Final/kernel.cu(413): warning C4244: '=': conversion from 'double' to 'int', possible loss of data
C:/Users/farmamico_fr/Desktop/progettofinale/Final/Final/kernel.cu(436): warning C4244: 'argument': conversion from 'double' to '_Tp', possible loss of data
          with
          [
              _Tp=int
          ]
C:/Users/farmamico_fr/Desktop/progettofinale/Final/Final/kernel.cu(436): warning C4244: 'argument': conversion from 'double' to '_Tp', possible loss of data
          with
          [
              _Tp=int
          ]
  MyImg.cpp
  device_functions.h is an internal header file and must not be used directly.  This file will be removed in a future CUDA release.  Please use cuda_runtime_api.h or cuda_runtime.h instead.
     Creating library C:\Users\farmamico_fr\Desktop\progettofinale\Final\x64\Release\Final.lib and object C:\Users\farmamico_fr\Desktop\progettofinale\Final\x64\Release\Final.exp
  Generating code
  1 of 190 functions ( 0.5%) were compiled, the rest were copied from previous compilation.
    0 functions were new in current compilation
    3 functions had inline decision re-evaluated but remain unchanged
  Finished generating code
  Final.vcxproj -> C:\Users\farmamico_fr\Desktop\progettofinale\Final\x64\Release\Final.exe
